#
# There is insufficient memory for the Java Runtime Environment to continue.
# Native memory allocation (mmap) failed to map 268435456 bytes for Failed to commit area from 0x0000000700e00000 to 0x0000000710e00000 of length 268435456.
# Possible reasons:
#   The system is out of physical RAM or swap space
#   The process is running with CompressedOops enabled, and the Java Heap may be blocking the growth of the native heap
# Possible solutions:
#   Reduce memory load on the system
#   Increase physical memory or swap space
#   Check if swap backing store is full
#   Decrease Java heap size (-Xmx/-Xms)
#   Decrease number of Java threads
#   Decrease Java thread stack sizes (-Xss)
#   Set larger code cache with -XX:ReservedCodeCacheSize=
# This output file may be truncated or incomplete.
#
#  Out of Memory Error (./src/hotspot/os/windows/os_windows.cpp:3511), pid=42956, tid=10072
#
# JRE version:  (11.0.11+9) (build )
# Java VM: OpenJDK 64-Bit Server VM (11.0.11+9-b1504.16, mixed mode, sharing, tiered, compressed oops, g1 gc, windows-amd64)
# No core dump will be written. Minidumps are not enabled by default on client versions of Windows
#

---------------  S U M M A R Y ------------

Command Line: git4idea.http.GitAskPassApp Username for 'https://github.com': 

Host: Intel(R) Core(TM) i7-7700 CPU @ 3.60GHz, 8 cores, 15G,  Windows 10 , 64 bit Build 19041 (10.0.19041.1151)
Time: Wed Sep  1 15:16:35 2021 Финляндия (лето) elapsed time: 0.011435 seconds (0d 0h 0m 0s)

---------------  T H R E A D  ---------------

Current thread (0x000001ff5518b800):  JavaThread "Unknown thread" [_thread_in_vm, id=10072, stack(0x0000002c5b800000,0x0000002c5b900000)]

Stack: [0x0000002c5b800000,0x0000002c5b900000]
Native frames: (J=compiled Java code, j=interpreted, Vv=VM code, C=native code)
V  [jvm.dll+0x5f5d5a]
V  [jvm.dll+0x7798b5]
V  [jvm.dll+0x77aecd]
V  [jvm.dll+0x77b583]
V  [jvm.dll+0x244978]
V  [jvm.dll+0x5f3174]
V  [jvm.dll+0x5e7d55]
V  [jvm.dll+0x30068b]
V  [jvm.dll+0x3005fa]
V  [jvm.dll+0x3004d2]
V  [jvm.dll+0x3053c6]
V  [jvm.dll+0x34e0a3]
V  [jvm.dll+0x34e7a6]
V  [jvm.dll+0x34e1a3]
V  [jvm.dll+0x2db0c8]
V  [jvm.dll+0x2dc267]
V  [jvm.dll+0x758057]
V  [jvm.dll+0x75984c]
V  [jvm.dll+0x35b659]
V  [jvm.dll+0x73b67e]
V  [jvm.dll+0x3c39f3]
V  [jvm.dll+0x3c5dd1]
C  [jli.dll+0x5373]
C  [ucrtbase.dll+0x21bb2]
C  [KERNEL32.DLL+0x17034]
C  [ntdll.dll+0x52651]


---------------  P R O C E S S  ---------------

Threads class SMR info:
_java_thread_list=0x000001ff538f09c0, length=0, elements={
}

Java Threads: ( => current thread )

Other Threads:
  0x000001ff551a5000 GCTaskThread "GC Thread#0" [stack: 0x0000002c5b900000,0x0000002c5ba00000] [id=15504]
  0x000001ff55205000 ConcurrentGCThread "G1 Main Marker" [stack: 0x0000002c5ba00000,0x0000002c5bb00000] [id=25612]
  0x000001ff55206800 ConcurrentGCThread "G1 Conc#0" [stack: 0x0000002c5bb00000,0x0000002c5bc00000] [id=1068]

[error occurred during error reporting (printing all threads), id 0xc0000005, EXCEPTION_ACCESS_VIOLATION (0xc0000005) at pc=0x00007fffea8eb8f7]

VM state:not at safepoint (not fully initialized)

VM Mutex/Monitor currently owned by a thread:  ([mutex/lock_event])
[0x000001ff55189da0] Heap_lock - owner thread: 0x000001ff5518b800

Heap address: 0x0000000700e00000, size: 4082 MB, Compressed Oops mode: Non-zero based: 0x0000000700e00000
Narrow klass base: 0x0000000000000000, Narrow klass shift: 0

GC Heap History (0 events):
No events

Deoptimization events (0 events):
No events

Classes redefined (0 events):
No events

Internal exceptions (0 events):
No events

Events (1 events):
Event: 0.007 Loaded shared library C:\Users\Fox\AppData\Local\JetBrains\Toolbox\apps\PhpStorm\ch-0\212.5080.71\jbr\bin\zip.dll


Dynamic libraries:
0x00007ff75cb80000 - 0x00007ff75cb8a000 	C:\Users\Fox\AppData\Local\JetBrains\Toolbox\apps\PhpStorm\ch-0\212.5080.71\jbr\bin\java.exe
0x00007ff86d710000 - 0x00007ff86d905000 	C:\WINDOWS\SYSTEM32\ntdll.dll
0x00007ff86ca20000 - 0x00007ff86cadd000 	C:\WINDOWS\System32\KERNEL32.DLL
0x00007ff86b190000 - 0x00007ff86b459000 	C:\WINDOWS\System32\KERNELBASE.dll
0x00007ff86b670000 - 0x00007ff86b770000 	C:\WINDOWS\System32\ucrtbase.dll
0x00007ff8419d0000 - 0x00007ff8419e9000 	C:\Users\Fox\AppData\Local\JetBrains\Toolbox\apps\PhpStorm\ch-0\212.5080.71\jbr\bin\jli.dll
0x00007ff840f50000 - 0x00007ff840f67000 	C:\Users\Fox\AppData\Local\JetBrains\Toolbox\apps\PhpStorm\ch-0\212.5080.71\jbr\bin\VCRUNTIME140.dll
0x00007ff86d3d0000 - 0x00007ff86d570000 	C:\WINDOWS\System32\USER32.dll
0x00007ff86b4e0000 - 0x00007ff86b502000 	C:\WINDOWS\System32\win32u.dll
0x00007ff86c800000 - 0x00007ff86c82a000 	C:\WINDOWS\System32\GDI32.dll
0x00007ff8570a0000 - 0x00007ff85733a000 	C:\WINDOWS\WinSxS\amd64_microsoft.windows.common-controls_6595b64144ccf1df_6.0.19041.1110_none_60b5254171f9507e\COMCTL32.dll
0x00007ff86b020000 - 0x00007ff86b12b000 	C:\WINDOWS\System32\gdi32full.dll
0x00007ff86c980000 - 0x00007ff86ca1e000 	C:\WINDOWS\System32\msvcrt.dll
0x00007ff86aef0000 - 0x00007ff86af8d000 	C:\WINDOWS\System32\msvcp_win.dll
0x00007ff86cae0000 - 0x00007ff86cb10000 	C:\WINDOWS\System32\IMM32.DLL
0x00007fffe6650000 - 0x00007fffe66ed000 	C:\Users\Fox\AppData\Local\JetBrains\Toolbox\apps\PhpStorm\ch-0\212.5080.71\jbr\bin\msvcp140.dll
0x00007fffea600000 - 0x00007fffeb14a000 	C:\Users\Fox\AppData\Local\JetBrains\Toolbox\apps\PhpStorm\ch-0\212.5080.71\jbr\bin\server\jvm.dll
0x00007ff86d040000 - 0x00007ff86d0ec000 	C:\WINDOWS\System32\ADVAPI32.dll
0x00007ff86c830000 - 0x00007ff86c8cb000 	C:\WINDOWS\System32\sechost.dll
0x00007ff86d570000 - 0x00007ff86d69a000 	C:\WINDOWS\System32\RPCRT4.dll
0x00007ff86bf10000 - 0x00007ff86bf18000 	C:\WINDOWS\System32\PSAPI.DLL
0x00007ff861b90000 - 0x00007ff861b99000 	C:\WINDOWS\SYSTEM32\WSOCK32.dll
0x00007ff86be10000 - 0x00007ff86be7b000 	C:\WINDOWS\System32\WS2_32.dll
0x00007ff85b770000 - 0x00007ff85b797000 	C:\WINDOWS\SYSTEM32\WINMM.dll
0x00007ff865d20000 - 0x00007ff865d2a000 	C:\WINDOWS\SYSTEM32\VERSION.dll
0x00007ff868d70000 - 0x00007ff868d82000 	C:\WINDOWS\SYSTEM32\kernel.appcore.dll
0x00007ff8595e0000 - 0x00007ff8595f1000 	C:\Users\Fox\AppData\Local\JetBrains\Toolbox\apps\PhpStorm\ch-0\212.5080.71\jbr\bin\verify.dll
0x00007ff852690000 - 0x00007ff852874000 	C:\WINDOWS\SYSTEM32\DBGHELP.DLL
0x00007ff8505b0000 - 0x00007ff8505dc000 	C:\WINDOWS\SYSTEM32\dbgcore.DLL
0x00007ff86af90000 - 0x00007ff86b013000 	C:\WINDOWS\System32\bcryptPrimitives.dll
0x00007ff850960000 - 0x00007ff850989000 	C:\Users\Fox\AppData\Local\JetBrains\Toolbox\apps\PhpStorm\ch-0\212.5080.71\jbr\bin\java.dll
0x00007ff865e80000 - 0x00007ff865e8b000 	C:\Users\Fox\AppData\Local\JetBrains\Toolbox\apps\PhpStorm\ch-0\212.5080.71\jbr\bin\jimage.dll
0x00007ff850940000 - 0x00007ff850958000 	C:\Users\Fox\AppData\Local\JetBrains\Toolbox\apps\PhpStorm\ch-0\212.5080.71\jbr\bin\zip.dll

dbghelp: loaded successfully - version: 4.0.5 - missing functions: none
symbol engine: initialized successfully - sym options: 0x614 - pdb path: .;C:\Users\Fox\AppData\Local\JetBrains\Toolbox\apps\PhpStorm\ch-0\212.5080.71\jbr\bin;C:\WINDOWS\SYSTEM32;C:\WINDOWS\WinSxS\amd64_microsoft.windows.common-controls_6595b64144ccf1df_6.0.19041.1110_none_60b5254171f9507e;C:\Users\Fox\AppData\Local\JetBrains\Toolbox\apps\PhpStorm\ch-0\212.5080.71\jbr\bin\server

VM Arguments:
java_command: git4idea.http.GitAskPassApp Username for 'https://github.com': 
java_class_path (initial): C:/Users/Fox/AppData/Local/JetBrains/Toolbox/apps/PhpStorm/ch-0/212.5080.71/plugins/git4idea/lib/git4idea-rt.jar;C:/Users/Fox/AppData/Local/JetBrains/Toolbox/apps/PhpStorm/ch-0/212.5080.71/lib/3rd-party.jar
Launcher Type: SUN_STANDARD

[Global flags]
     intx CICompilerCount                          = 4                                         {product} {ergonomic}
     uint ConcGCThreads                            = 2                                         {product} {ergonomic}
     uint G1ConcRefinementThreads                  = 8                                         {product} {ergonomic}
   size_t G1HeapRegionSize                         = 1048576                                   {product} {ergonomic}
    uintx GCDrainStackTargetSize                   = 64                                        {product} {ergonomic}
   size_t InitialHeapSize                          = 268435456                                 {product} {ergonomic}
   size_t MarkStackSize                            = 4194304                                   {product} {ergonomic}
   size_t MaxHeapSize                              = 4280287232                                {product} {ergonomic}
   size_t MinHeapDeltaBytes                        = 1048576                                   {product} {ergonomic}
    uintx NonNMethodCodeHeapSize                   = 5836300                                {pd product} {ergonomic}
    uintx NonProfiledCodeHeapSize                  = 122910970                              {pd product} {ergonomic}
    uintx ProfiledCodeHeapSize                     = 122910970                              {pd product} {ergonomic}
    uintx ReservedCodeCacheSize                    = 251658240                              {pd product} {ergonomic}
     bool SegmentedCodeCache                       = true                                      {product} {ergonomic}
     bool UseCompressedClassPointers               = true                                 {lp64_product} {ergonomic}
     bool UseCompressedOops                        = true                                 {lp64_product} {ergonomic}
     bool UseG1GC                                  = true                                      {product} {ergonomic}
     bool UseLargePagesIndividualAllocation        = false                                  {pd product} {ergonomic}

Logging:
Log output configuration:
 #0: stdout all=warning uptime,level,tags
 #1: stderr all=off uptime,level,tags

Environment Variables:
PATH=C:\Program Files\Git\mingw64\libexec\git-core;C:\Program Files\Git\mingw64\libexec\git-core;C:\Program Files\Git\mingw64\bin;C:\Program Files\Git\usr\bin;C:\Users\Fox\bin;C:\Windows\system32;C:\Windows;C:\Windows\System32\Wbem;C:\Windows\System32\WindowsPowerShell\v1.0;C:\Windows\System32\OpenSSH;C:\Program Files (x86)\NVIDIA Corporation\PhysX\Common;C:\Program Files\NVIDIA Corporation\NVIDIA NvDLISR;C:\Program Files\Git\cmd;C:\WINDOWS\system32;C:\WINDOWS;C:\WINDOWS\System32\Wbem;C:\WINDOWS\System32\WindowsPowerShell\v1.0;C:\WINDOWS\System32\OpenSSH;C:\Program Files (x86)\Brackets\command;C:\Program Files\nodejs;C:\php;C:\ProgramData\ComposerSetup\bin;C:\Program Files\PuTTY;C:\Users\Fox\AppData\Local\Microsoft\WindowsApps;C:\Users\Fox\AppData\Local\GitHubDesktop\bin;C:\Users\Fox\AppData\Roaming\npm;C:\Users\Fox\AppData\Local\Programs\Microsoft VS Code\bin;C:\php7.4;C:\Users\Fox\AppData\Roaming\Composer\vendor\bin;C:\Users\Fox\AppData\Local\Microsoft\WindowsApps
USERNAME=Fox
DISPLAY=:0.0
LC_ALL=en_US.UTF-8
OS=Windows_NT
PROCESSOR_IDENTIFIER=Intel64 Family 6 Model 158 Stepping 9, GenuineIntel



---------------  S Y S T E M  ---------------

OS: Windows 10 , 64 bit Build 19041 (10.0.19041.1151)
OS uptime: 5 days 2:25 hours

CPU:total 8 (initial active 8) (4 cores per cpu, 2 threads per core) family 6 model 158 stepping 9 microcode 0xb4, cmov, cx8, fxsr, mmx, sse, sse2, sse3, ssse3, sse4.1, sse4.2, popcnt, avx, avx2, aes, clmul, erms, rtm, 3dnowpref, lzcnt, ht, tsc, tscinvbit, bmi1, bmi2, adx, fma

Memory: 4k page, system-wide physical 16324M (2057M free)
TotalPageFile size 24516M (AvailPageFile size 13M)
current process WorkingSet (physical memory assigned to process): 10M, peak: 10M
current process commit charge ("private bytes"): 60M, peak: 316M

vm_info: OpenJDK 64-Bit Server VM (11.0.11+9-b1504.16) for windows-amd64 JRE (11.0.11+9-b1504.16), built on Aug  9 2021 01:34:19 by "" with MS VC++ 14.0 (VS2015)

END.
