#
# There is insufficient memory for the Java Runtime Environment to continue.
# Native memory allocation (malloc) failed to allocate 1048576 bytes for AllocateHeap
# Possible reasons:
#   The system is out of physical RAM or swap space
#   The process is running with CompressedOops enabled, and the Java Heap may be blocking the growth of the native heap
# Possible solutions:
#   Reduce memory load on the system
#   Increase physical memory or swap space
#   Check if swap backing store is full
#   Decrease Java heap size (-Xmx/-Xms)
#   Decrease number of Java threads
#   Decrease Java thread stack sizes (-Xss)
#   Set larger code cache with -XX:ReservedCodeCacheSize=
#   JVM is running with Zero Based Compressed Oops mode in which the Java heap is
#     placed in the first 32GB address space. The Java Heap base address is the
#     maximum limit for the native heap growth. Please use -XX:HeapBaseMinAddress
#     to set the Java Heap base and to place the Java Heap above 32GB virtual address.
# This output file may be truncated or incomplete.
#
#  Out of Memory Error (./src/hotspot/share/memory/allocation.cpp:46), pid=10616, tid=27080
#
# JRE version: OpenJDK Runtime Environment JBR-11.0.11.9-1504.16-jcef (11.0.11+9) (build 11.0.11+9-b1504.16)
# Java VM: OpenJDK 64-Bit Server VM JBR-11.0.11.9-1504.16-jcef (11.0.11+9-b1504.16, mixed mode, tiered, compressed oops, g1 gc, windows-amd64)
# No core dump will be written. Minidumps are not enabled by default on client versions of Windows
#

---------------  S U M M A R Y ------------

Command Line: git4idea.http.GitAskPassApp Password for 'https://sfdevelop@github.com': 

Host: Intel(R) Core(TM) i7-7700 CPU @ 3.60GHz, 8 cores, 15G,  Windows 10 , 64 bit Build 19041 (10.0.19041.1151)
Time: Fri Sep 10 01:07:21 2021 Финляндия (лето) elapsed time: 0.225461 seconds (0d 0h 0m 0s)

---------------  T H R E A D  ---------------

Current thread (0x000001cefec87800):  VMThread "VM Thread" [stack: 0x0000004825d00000,0x0000004825e00000] [id=27080]

Stack: [0x0000004825d00000,0x0000004825e00000]
[error occurred during error reporting (printing stack bounds), id 0xc0000005, EXCEPTION_ACCESS_VIOLATION (0xc0000005) at pc=0x000001cee8ef0f2d]

Native frames: (J=compiled Java code, j=interpreted, Vv=VM code, C=native code)
V  [jvm.dll+0x5f5d5a]
V  [jvm.dll+0x7798b5]
V  [jvm.dll+0x77aecd]
V  [jvm.dll+0x77b4e5]
V  [jvm.dll+0x77b49b]
V  [jvm.dll+0x5f50f0]
V  [jvm.dll+0x5f5888]
C  [ntdll.dll+0xa217f]
C  [ntdll.dll+0x51454]
C  [ntdll.dll+0xa0cae]
C  0x000001cee8ef0f2d

VM_Operation (0x00000048257fda00): CollectForMetadataAllocation, mode: safepoint, requested by thread 0x000001cee3ab9800


---------------  P R O C E S S  ---------------

Threads class SMR info:
_java_thread_list=0x000001ceff709d80, length=12, elements={
0x000001cee3ab9800, 0x000001cefec8a000, 0x000001cefec8b000, 0x000001cefecad800,
0x000001ceff594800, 0x000001ceff595000, 0x000001ceff5a3000, 0x000001ceff5a7800,
0x000001ceff5ac000, 0x000001ceff711800, 0x000001ceff70b000, 0x000001ceff788000
}

Java Threads: ( => current thread )
  0x000001cee3ab9800 JavaThread "main" [_thread_blocked, id=20368, stack(0x0000004825700000,0x0000004825800000)]
  0x000001cefec8a000 JavaThread "Reference Handler" daemon [_thread_blocked, id=18416, stack(0x0000004825e00000,0x0000004825f00000)]
  0x000001cefec8b000 JavaThread "Finalizer" daemon [_thread_blocked, id=33540, stack(0x0000004825f00000,0x0000004826000000)]
  0x000001cefecad800 JavaThread "Signal Dispatcher" daemon [_thread_blocked, id=36792, stack(0x0000004826000000,0x0000004826100000)]
  0x000001ceff594800 JavaThread "Attach Listener" daemon [_thread_blocked, id=39352, stack(0x0000004826100000,0x0000004826200000)]
  0x000001ceff595000 JavaThread "Service Thread" daemon [_thread_blocked, id=26584, stack(0x0000004826200000,0x0000004826300000)]
  0x000001ceff5a3000 JavaThread "C2 CompilerThread0" daemon [_thread_blocked, id=25020, stack(0x0000004826300000,0x0000004826400000)]
  0x000001ceff5a7800 JavaThread "C1 CompilerThread0" daemon [_thread_blocked, id=8852, stack(0x0000004826400000,0x0000004826500000)]
  0x000001ceff5ac000 JavaThread "Sweeper thread" daemon [_thread_blocked, id=5784, stack(0x0000004826500000,0x0000004826600000)]
  0x000001ceff711800 JavaThread "Common-Cleaner" daemon [_thread_blocked, id=30620, stack(0x0000004826700000,0x0000004826800000)]
  0x000001ceff70b000 JavaThread "C2 CompilerThread1" daemon [_thread_blocked, id=17756, stack(0x0000004826800000,0x0000004826900000)]
  0x000001ceff788000 JavaThread "C2 CompilerThread2" daemon [_thread_blocked, id=28356, stack(0x0000004826900000,0x0000004826a00000)]

Other Threads:
=>0x000001cefec87800 VMThread "VM Thread" [stack: 0x0000004825d00000,0x0000004825e00000] [id=27080]
  0x000001ceff708800 WatcherThread [stack: 0x0000004826600000,0x0000004826700000] [id=2964]
  0x000001cee3ad2800 GCTaskThread "GC Thread#0" [stack: 0x0000004825800000,0x0000004825900000] [id=11416]
  0x000001ce86149800 GCTaskThread "GC Thread#1" [stack: 0x0000004826a00000,0x0000004826b00000] [id=19436]
  0x000001ce861f7800 GCTaskThread "GC Thread#2" [stack: 0x0000004826b00000,0x0000004826c00000] [id=29324]
  0x000001ce861f8000 GCTaskThread "GC Thread#3" [stack: 0x0000004826c00000,0x0000004826d00000] [id=30088]
  0x000001ce861f9000 GCTaskThread "GC Thread#4" [stack: 0x0000004826d00000,0x0000004826e00000] [id=17504]
  0x000001ce861fd800 GCTaskThread "GC Thread#5" [stack: 0x0000004826e00000,0x0000004826f00000] [id=22992]
  0x000001cee3b36000 ConcurrentGCThread "G1 Main Marker" [stack: 0x0000004825900000,0x0000004825a00000] [id=19244]
  0x000001cee3b37800 ConcurrentGCThread "G1 Conc#0" [stack: 0x0000004825a00000,0x0000004825b00000] [id=12460]
  0x000001ceff88d000 ConcurrentGCThread "G1 Conc#1" [stack: 0x0000004826f00000,0x0000004827000000] [id=38980]
  0x000001cefeb6e800 ConcurrentGCThread "G1 Refine#0" [stack: 0x0000004825b00000,0x0000004825c00000] [id=6380]
  0x000001cefeb71000 ConcurrentGCThread "G1 Young RemSet Sampling" [stack: 0x0000004825c00000,0x0000004825d00000] [id=4508]

Threads with active compile tasks:

VM state:at safepoint (normal execution)

VM Mutex/Monitor currently owned by a thread:  ([mutex/lock_event])
[0x000001cee3ab77c0] Threads_lock - owner thread: 0x000001cefec87800
[0x000001cee3ab7d60] Heap_lock - owner thread: 0x000001cee3ab9800

Heap address: 0x0000000700e00000, size: 4082 MB, Compressed Oops mode: Zero based, Oop shift amount: 3
Narrow klass base: 0x0000000800000000, Narrow klass shift: 0
Compressed class space size: 1073741824 Address: 0x0000000800000000

Heap:
 garbage-first heap   total 262144K, used 6090K [0x0000000700e00000, 0x0000000800000000)
  region size 1024K, 2 young (2048K), 2 survivors (2048K)
 Metaspace       used 7674K, capacity 7862K, committed 7936K, reserved 1069056K
  class space    used 688K, capacity 745K, committed 768K, reserved 1048576K
Heap Regions: E=young(eden), S=young(survivor), O=old, HS=humongous(starts), HC=humongous(continues), CS=collection set, F=free, A=archive, TAMS=top-at-mark-start (previous, next)
|   0|0x0000000700e00000, 0x0000000700f00000, 0x0000000700f00000|100%|HS|  |TAMS 0x0000000700e00000, 0x0000000700f00000| Complete 
|   1|0x0000000700f00000, 0x0000000701000000, 0x0000000701000000|100%|HC|  |TAMS 0x0000000700f00000, 0x0000000701000000| Complete 
|   2|0x0000000701000000, 0x0000000701100000, 0x0000000701100000|100%|HC|  |TAMS 0x0000000701000000, 0x0000000701100000| Complete 
|   3|0x0000000701100000, 0x0000000701200000, 0x0000000701200000|100%|HC|  |TAMS 0x0000000701100000, 0x0000000701200000| Complete 
|   4|0x0000000701200000, 0x0000000701200000, 0x0000000701300000|  0%| F|  |TAMS 0x0000000701200000, 0x0000000701200000| Untracked 
|   5|0x0000000701300000, 0x0000000701300000, 0x0000000701400000|  0%| F|  |TAMS 0x0000000701300000, 0x0000000701300000| Untracked 
|   6|0x0000000701400000, 0x0000000701400000, 0x0000000701500000|  0%| F|  |TAMS 0x0000000701400000, 0x0000000701400000| Untracked 
|   7|0x0000000701500000, 0x0000000701500000, 0x0000000701600000|  0%| F|  |TAMS 0x0000000701500000, 0x0000000701500000| Untracked 
|   8|0x0000000701600000, 0x0000000701600000, 0x0000000701700000|  0%| F|  |TAMS 0x0000000701600000, 0x0000000701600000| Untracked 
|   9|0x0000000701700000, 0x0000000701700000, 0x0000000701800000|  0%| F|  |TAMS 0x0000000701700000, 0x0000000701700000| Untracked 
|  10|0x0000000701800000, 0x0000000701800000, 0x0000000701900000|  0%| F|  |TAMS 0x0000000701800000, 0x0000000701800000| Untracked 
|  11|0x0000000701900000, 0x0000000701900000, 0x0000000701a00000|  0%| F|  |TAMS 0x0000000701900000, 0x0000000701900000| Untracked 
|  12|0x0000000701a00000, 0x0000000701a00000, 0x0000000701b00000|  0%| F|  |TAMS 0x0000000701a00000, 0x0000000701a00000| Untracked 
|  13|0x0000000701b00000, 0x0000000701b00000, 0x0000000701c00000|  0%| F|  |TAMS 0x0000000701b00000, 0x0000000701b00000| Untracked 
|  14|0x0000000701c00000, 0x0000000701c00000, 0x0000000701d00000|  0%| F|  |TAMS 0x0000000701c00000, 0x0000000701c00000| Untracked 
|  15|0x0000000701d00000, 0x0000000701d00000, 0x0000000701e00000|  0%| F|  |TAMS 0x0000000701d00000, 0x0000000701d00000| Untracked 
|  16|0x0000000701e00000, 0x0000000701e00000, 0x0000000701f00000|  0%| F|  |TAMS 0x0000000701e00000, 0x0000000701e00000| Untracked 
|  17|0x0000000701f00000, 0x0000000701f00000, 0x0000000702000000|  0%| F|  |TAMS 0x0000000701f00000, 0x0000000701f00000| Untracked 
|  18|0x0000000702000000, 0x0000000702000000, 0x0000000702100000|  0%| F|  |TAMS 0x0000000702000000, 0x0000000702000000| Untracked 
|  19|0x0000000702100000, 0x0000000702100000, 0x0000000702200000|  0%| F|  |TAMS 0x0000000702100000, 0x0000000702100000| Untracked 
|  20|0x0000000702200000, 0x0000000702200000, 0x0000000702300000|  0%| F|  |TAMS 0x0000000702200000, 0x0000000702200000| Untracked 
|  21|0x0000000702300000, 0x0000000702300000, 0x0000000702400000|  0%| F|  |TAMS 0x0000000702300000, 0x0000000702300000| Untracked 
|  22|0x0000000702400000, 0x0000000702400000, 0x0000000702500000|  0%| F|  |TAMS 0x0000000702400000, 0x0000000702400000| Untracked 
|  23|0x0000000702500000, 0x0000000702500000, 0x0000000702600000|  0%| F|  |TAMS 0x0000000702500000, 0x0000000702500000| Untracked 
|  24|0x0000000702600000, 0x0000000702600000, 0x0000000702700000|  0%| F|  |TAMS 0x0000000702600000, 0x0000000702600000| Untracked 
|  25|0x0000000702700000, 0x0000000702700000, 0x0000000702800000|  0%| F|  |TAMS 0x0000000702700000, 0x0000000702700000| Untracked 
|  26|0x0000000702800000, 0x0000000702800000, 0x0000000702900000|  0%| F|  |TAMS 0x0000000702800000, 0x0000000702800000| Untracked 
|  27|0x0000000702900000, 0x0000000702900000, 0x0000000702a00000|  0%| F|  |TAMS 0x0000000702900000, 0x0000000702900000| Untracked 
|  28|0x0000000702a00000, 0x0000000702a00000, 0x0000000702b00000|  0%| F|  |TAMS 0x0000000702a00000, 0x0000000702a00000| Untracked 
|  29|0x0000000702b00000, 0x0000000702b00000, 0x0000000702c00000|  0%| F|  |TAMS 0x0000000702b00000, 0x0000000702b00000| Untracked 
|  30|0x0000000702c00000, 0x0000000702c00000, 0x0000000702d00000|  0%| F|  |TAMS 0x0000000702c00000, 0x0000000702c00000| Untracked 
|  31|0x0000000702d00000, 0x0000000702d00000, 0x0000000702e00000|  0%| F|  |TAMS 0x0000000702d00000, 0x0000000702d00000| Untracked 
|  32|0x0000000702e00000, 0x0000000702e00000, 0x0000000702f00000|  0%| F|  |TAMS 0x0000000702e00000, 0x0000000702e00000| Untracked 
|  33|0x0000000702f00000, 0x0000000702f00000, 0x0000000703000000|  0%| F|  |TAMS 0x0000000702f00000, 0x0000000702f00000| Untracked 
|  34|0x0000000703000000, 0x0000000703000000, 0x0000000703100000|  0%| F|  |TAMS 0x0000000703000000, 0x0000000703000000| Untracked 
|  35|0x0000000703100000, 0x0000000703100000, 0x0000000703200000|  0%| F|  |TAMS 0x0000000703100000, 0x0000000703100000| Untracked 
|  36|0x0000000703200000, 0x0000000703200000, 0x0000000703300000|  0%| F|  |TAMS 0x0000000703200000, 0x0000000703200000| Untracked 
|  37|0x0000000703300000, 0x0000000703300000, 0x0000000703400000|  0%| F|  |TAMS 0x0000000703300000, 0x0000000703300000| Untracked 
|  38|0x0000000703400000, 0x0000000703400000, 0x0000000703500000|  0%| F|  |TAMS 0x0000000703400000, 0x0000000703400000| Untracked 
|  39|0x0000000703500000, 0x0000000703500000, 0x0000000703600000|  0%| F|  |TAMS 0x0000000703500000, 0x0000000703500000| Untracked 
|  40|0x0000000703600000, 0x0000000703600000, 0x0000000703700000|  0%| F|  |TAMS 0x0000000703600000, 0x0000000703600000| Untracked 
|  41|0x0000000703700000, 0x0000000703700000, 0x0000000703800000|  0%| F|  |TAMS 0x0000000703700000, 0x0000000703700000| Untracked 
|  42|0x0000000703800000, 0x0000000703800000, 0x0000000703900000|  0%| F|  |TAMS 0x0000000703800000, 0x0000000703800000| Untracked 
|  43|0x0000000703900000, 0x0000000703900000, 0x0000000703a00000|  0%| F|  |TAMS 0x0000000703900000, 0x0000000703900000| Untracked 
|  44|0x0000000703a00000, 0x0000000703a00000, 0x0000000703b00000|  0%| F|  |TAMS 0x0000000703a00000, 0x0000000703a00000| Untracked 
|  45|0x0000000703b00000, 0x0000000703b00000, 0x0000000703c00000|  0%| F|  |TAMS 0x0000000703b00000, 0x0000000703b00000| Untracked 
|  46|0x0000000703c00000, 0x0000000703c00000, 0x0000000703d00000|  0%| F|  |TAMS 0x0000000703c00000, 0x0000000703c00000| Untracked 
|  47|0x0000000703d00000, 0x0000000703d00000, 0x0000000703e00000|  0%| F|  |TAMS 0x0000000703d00000, 0x0000000703d00000| Untracked 
|  48|0x0000000703e00000, 0x0000000703e00000, 0x0000000703f00000|  0%| F|  |TAMS 0x0000000703e00000, 0x0000000703e00000| Untracked 
|  49|0x0000000703f00000, 0x0000000703f00000, 0x0000000704000000|  0%| F|  |TAMS 0x0000000703f00000, 0x0000000703f00000| Untracked 
|  50|0x0000000704000000, 0x0000000704000000, 0x0000000704100000|  0%| F|  |TAMS 0x0000000704000000, 0x0000000704000000| Untracked 
|  51|0x0000000704100000, 0x0000000704100000, 0x0000000704200000|  0%| F|  |TAMS 0x0000000704100000, 0x0000000704100000| Untracked 
|  52|0x0000000704200000, 0x0000000704200000, 0x0000000704300000|  0%| F|  |TAMS 0x0000000704200000, 0x0000000704200000| Untracked 
|  53|0x0000000704300000, 0x0000000704300000, 0x0000000704400000|  0%| F|  |TAMS 0x0000000704300000, 0x0000000704300000| Untracked 
|  54|0x0000000704400000, 0x0000000704400000, 0x0000000704500000|  0%| F|  |TAMS 0x0000000704400000, 0x0000000704400000| Untracked 
|  55|0x0000000704500000, 0x0000000704500000, 0x0000000704600000|  0%| F|  |TAMS 0x0000000704500000, 0x0000000704500000| Untracked 
|  56|0x0000000704600000, 0x0000000704600000, 0x0000000704700000|  0%| F|  |TAMS 0x0000000704600000, 0x0000000704600000| Untracked 
|  57|0x0000000704700000, 0x0000000704700000, 0x0000000704800000|  0%| F|  |TAMS 0x0000000704700000, 0x0000000704700000| Untracked 
|  58|0x0000000704800000, 0x0000000704800000, 0x0000000704900000|  0%| F|  |TAMS 0x0000000704800000, 0x0000000704800000| Untracked 
|  59|0x0000000704900000, 0x0000000704900000, 0x0000000704a00000|  0%| F|  |TAMS 0x0000000704900000, 0x0000000704900000| Untracked 
|  60|0x0000000704a00000, 0x0000000704a00000, 0x0000000704b00000|  0%| F|  |TAMS 0x0000000704a00000, 0x0000000704a00000| Untracked 
|  61|0x0000000704b00000, 0x0000000704b00000, 0x0000000704c00000|  0%| F|  |TAMS 0x0000000704b00000, 0x0000000704b00000| Untracked 
|  62|0x0000000704c00000, 0x0000000704c00000, 0x0000000704d00000|  0%| F|  |TAMS 0x0000000704c00000, 0x0000000704c00000| Untracked 
|  63|0x0000000704d00000, 0x0000000704d00000, 0x0000000704e00000|  0%| F|  |TAMS 0x0000000704d00000, 0x0000000704d00000| Untracked 
|  64|0x0000000704e00000, 0x0000000704e00000, 0x0000000704f00000|  0%| F|  |TAMS 0x0000000704e00000, 0x0000000704e00000| Untracked 
|  65|0x0000000704f00000, 0x0000000704f00000, 0x0000000705000000|  0%| F|  |TAMS 0x0000000704f00000, 0x0000000704f00000| Untracked 
|  66|0x0000000705000000, 0x0000000705000000, 0x0000000705100000|  0%| F|  |TAMS 0x0000000705000000, 0x0000000705000000| Untracked 
|  67|0x0000000705100000, 0x0000000705100000, 0x0000000705200000|  0%| F|  |TAMS 0x0000000705100000, 0x0000000705100000| Untracked 
|  68|0x0000000705200000, 0x0000000705200000, 0x0000000705300000|  0%| F|  |TAMS 0x0000000705200000, 0x0000000705200000| Untracked 
|  69|0x0000000705300000, 0x0000000705300000, 0x0000000705400000|  0%| F|  |TAMS 0x0000000705300000, 0x0000000705300000| Untracked 
|  70|0x0000000705400000, 0x0000000705400000, 0x0000000705500000|  0%| F|  |TAMS 0x0000000705400000, 0x0000000705400000| Untracked 
|  71|0x0000000705500000, 0x0000000705500000, 0x0000000705600000|  0%| F|  |TAMS 0x0000000705500000, 0x0000000705500000| Untracked 
|  72|0x0000000705600000, 0x0000000705600000, 0x0000000705700000|  0%| F|  |TAMS 0x0000000705600000, 0x0000000705600000| Untracked 
|  73|0x0000000705700000, 0x0000000705700000, 0x0000000705800000|  0%| F|  |TAMS 0x0000000705700000, 0x0000000705700000| Untracked 
|  74|0x0000000705800000, 0x0000000705800000, 0x0000000705900000|  0%| F|  |TAMS 0x0000000705800000, 0x0000000705800000| Untracked 
|  75|0x0000000705900000, 0x0000000705900000, 0x0000000705a00000|  0%| F|  |TAMS 0x0000000705900000, 0x0000000705900000| Untracked 
|  76|0x0000000705a00000, 0x0000000705a00000, 0x0000000705b00000|  0%| F|  |TAMS 0x0000000705a00000, 0x0000000705a00000| Untracked 
|  77|0x0000000705b00000, 0x0000000705b00000, 0x0000000705c00000|  0%| F|  |TAMS 0x0000000705b00000, 0x0000000705b00000| Untracked 
|  78|0x0000000705c00000, 0x0000000705c00000, 0x0000000705d00000|  0%| F|  |TAMS 0x0000000705c00000, 0x0000000705c00000| Untracked 
|  79|0x0000000705d00000, 0x0000000705d00000, 0x0000000705e00000|  0%| F|  |TAMS 0x0000000705d00000, 0x0000000705d00000| Untracked 
|  80|0x0000000705e00000, 0x0000000705e00000, 0x0000000705f00000|  0%| F|  |TAMS 0x0000000705e00000, 0x0000000705e00000| Untracked 
|  81|0x0000000705f00000, 0x0000000705f00000, 0x0000000706000000|  0%| F|  |TAMS 0x0000000705f00000, 0x0000000705f00000| Untracked 
|  82|0x0000000706000000, 0x0000000706000000, 0x0000000706100000|  0%| F|  |TAMS 0x0000000706000000, 0x0000000706000000| Untracked 
|  83|0x0000000706100000, 0x0000000706100000, 0x0000000706200000|  0%| F|  |TAMS 0x0000000706100000, 0x0000000706100000| Untracked 
|  84|0x0000000706200000, 0x0000000706200000, 0x0000000706300000|  0%| F|  |TAMS 0x0000000706200000, 0x0000000706200000| Untracked 
|  85|0x0000000706300000, 0x0000000706300000, 0x0000000706400000|  0%| F|  |TAMS 0x0000000706300000, 0x0000000706300000| Untracked 
|  86|0x0000000706400000, 0x0000000706400000, 0x0000000706500000|  0%| F|  |TAMS 0x0000000706400000, 0x0000000706400000| Untracked 
|  87|0x0000000706500000, 0x0000000706500000, 0x0000000706600000|  0%| F|  |TAMS 0x0000000706500000, 0x0000000706500000| Untracked 
|  88|0x0000000706600000, 0x0000000706600000, 0x0000000706700000|  0%| F|  |TAMS 0x0000000706600000, 0x0000000706600000| Untracked 
|  89|0x0000000706700000, 0x0000000706700000, 0x0000000706800000|  0%| F|  |TAMS 0x0000000706700000, 0x0000000706700000| Untracked 
|  90|0x0000000706800000, 0x0000000706800000, 0x0000000706900000|  0%| F|  |TAMS 0x0000000706800000, 0x0000000706800000| Untracked 
|  91|0x0000000706900000, 0x0000000706900000, 0x0000000706a00000|  0%| F|  |TAMS 0x0000000706900000, 0x0000000706900000| Untracked 
|  92|0x0000000706a00000, 0x0000000706a00000, 0x0000000706b00000|  0%| F|  |TAMS 0x0000000706a00000, 0x0000000706a00000| Untracked 
|  93|0x0000000706b00000, 0x0000000706b00000, 0x0000000706c00000|  0%| F|  |TAMS 0x0000000706b00000, 0x0000000706b00000| Untracked 
|  94|0x0000000706c00000, 0x0000000706c00000, 0x0000000706d00000|  0%| F|  |TAMS 0x0000000706c00000, 0x0000000706c00000| Untracked 
|  95|0x0000000706d00000, 0x0000000706d00000, 0x0000000706e00000|  0%| F|  |TAMS 0x0000000706d00000, 0x0000000706d00000| Untracked 
|  96|0x0000000706e00000, 0x0000000706e00000, 0x0000000706f00000|  0%| F|  |TAMS 0x0000000706e00000, 0x0000000706e00000| Untracked 
|  97|0x0000000706f00000, 0x0000000706f00000, 0x0000000707000000|  0%| F|  |TAMS 0x0000000706f00000, 0x0000000706f00000| Untracked 
|  98|0x0000000707000000, 0x0000000707000000, 0x0000000707100000|  0%| F|  |TAMS 0x0000000707000000, 0x0000000707000000| Untracked 
|  99|0x0000000707100000, 0x0000000707100000, 0x0000000707200000|  0%| F|  |TAMS 0x0000000707100000, 0x0000000707100000| Untracked 
| 100|0x0000000707200000, 0x0000000707200000, 0x0000000707300000|  0%| F|  |TAMS 0x0000000707200000, 0x0000000707200000| Untracked 
| 101|0x0000000707300000, 0x0000000707300000, 0x0000000707400000|  0%| F|  |TAMS 0x0000000707300000, 0x0000000707300000| Untracked 
| 102|0x0000000707400000, 0x0000000707400000, 0x0000000707500000|  0%| F|  |TAMS 0x0000000707400000, 0x0000000707400000| Untracked 
| 103|0x0000000707500000, 0x0000000707500000, 0x0000000707600000|  0%| F|  |TAMS 0x0000000707500000, 0x0000000707500000| Untracked 
| 104|0x0000000707600000, 0x0000000707600000, 0x0000000707700000|  0%| F|  |TAMS 0x0000000707600000, 0x0000000707600000| Untracked 
| 105|0x0000000707700000, 0x0000000707700000, 0x0000000707800000|  0%| F|  |TAMS 0x0000000707700000, 0x0000000707700000| Untracked 
| 106|0x0000000707800000, 0x0000000707800000, 0x0000000707900000|  0%| F|  |TAMS 0x0000000707800000, 0x0000000707800000| Untracked 
| 107|0x0000000707900000, 0x0000000707900000, 0x0000000707a00000|  0%| F|  |TAMS 0x0000000707900000, 0x0000000707900000| Untracked 
| 108|0x0000000707a00000, 0x0000000707a00000, 0x0000000707b00000|  0%| F|  |TAMS 0x0000000707a00000, 0x0000000707a00000| Untracked 
| 109|0x0000000707b00000, 0x0000000707b00000, 0x0000000707c00000|  0%| F|  |TAMS 0x0000000707b00000, 0x0000000707b00000| Untracked 
| 110|0x0000000707c00000, 0x0000000707c00000, 0x0000000707d00000|  0%| F|  |TAMS 0x0000000707c00000, 0x0000000707c00000| Untracked 
| 111|0x0000000707d00000, 0x0000000707d00000, 0x0000000707e00000|  0%| F|  |TAMS 0x0000000707d00000, 0x0000000707d00000| Untracked 
| 112|0x0000000707e00000, 0x0000000707e00000, 0x0000000707f00000|  0%| F|  |TAMS 0x0000000707e00000, 0x0000000707e00000| Untracked 
| 113|0x0000000707f00000, 0x0000000707f00000, 0x0000000708000000|  0%| F|  |TAMS 0x0000000707f00000, 0x0000000707f00000| Untracked 
| 114|0x0000000708000000, 0x0000000708000000, 0x0000000708100000|  0%| F|  |TAMS 0x0000000708000000, 0x0000000708000000| Untracked 
| 115|0x0000000708100000, 0x0000000708100000, 0x0000000708200000|  0%| F|  |TAMS 0x0000000708100000, 0x0000000708100000| Untracked 
| 116|0x0000000708200000, 0x0000000708200000, 0x0000000708300000|  0%| F|  |TAMS 0x0000000708200000, 0x0000000708200000| Untracked 
| 117|0x0000000708300000, 0x0000000708300000, 0x0000000708400000|  0%| F|  |TAMS 0x0000000708300000, 0x0000000708300000| Untracked 
| 118|0x0000000708400000, 0x0000000708400000, 0x0000000708500000|  0%| F|  |TAMS 0x0000000708400000, 0x0000000708400000| Untracked 
| 119|0x0000000708500000, 0x0000000708500000, 0x0000000708600000|  0%| F|  |TAMS 0x0000000708500000, 0x0000000708500000| Untracked 
| 120|0x0000000708600000, 0x0000000708600000, 0x0000000708700000|  0%| F|  |TAMS 0x0000000708600000, 0x0000000708600000| Untracked 
| 121|0x0000000708700000, 0x0000000708700000, 0x0000000708800000|  0%| F|  |TAMS 0x0000000708700000, 0x0000000708700000| Untracked 
| 122|0x0000000708800000, 0x0000000708800000, 0x0000000708900000|  0%| F|  |TAMS 0x0000000708800000, 0x0000000708800000| Untracked 
| 123|0x0000000708900000, 0x0000000708900000, 0x0000000708a00000|  0%| F|  |TAMS 0x0000000708900000, 0x0000000708900000| Untracked 
| 124|0x0000000708a00000, 0x0000000708a00000, 0x0000000708b00000|  0%| F|  |TAMS 0x0000000708a00000, 0x0000000708a00000| Untracked 
| 125|0x0000000708b00000, 0x0000000708b00000, 0x0000000708c00000|  0%| F|  |TAMS 0x0000000708b00000, 0x0000000708b00000| Untracked 
| 126|0x0000000708c00000, 0x0000000708c00000, 0x0000000708d00000|  0%| F|  |TAMS 0x0000000708c00000, 0x0000000708c00000| Untracked 
| 127|0x0000000708d00000, 0x0000000708d00000, 0x0000000708e00000|  0%| F|  |TAMS 0x0000000708d00000, 0x0000000708d00000| Untracked 
| 128|0x0000000708e00000, 0x0000000708e00000, 0x0000000708f00000|  0%| F|  |TAMS 0x0000000708e00000, 0x0000000708e00000| Untracked 
| 129|0x0000000708f00000, 0x0000000708f00000, 0x0000000709000000|  0%| F|  |TAMS 0x0000000708f00000, 0x0000000708f00000| Untracked 
| 130|0x0000000709000000, 0x0000000709000000, 0x0000000709100000|  0%| F|  |TAMS 0x0000000709000000, 0x0000000709000000| Untracked 
| 131|0x0000000709100000, 0x0000000709100000, 0x0000000709200000|  0%| F|  |TAMS 0x0000000709100000, 0x0000000709100000| Untracked 
| 132|0x0000000709200000, 0x0000000709200000, 0x0000000709300000|  0%| F|  |TAMS 0x0000000709200000, 0x0000000709200000| Untracked 
| 133|0x0000000709300000, 0x0000000709300000, 0x0000000709400000|  0%| F|  |TAMS 0x0000000709300000, 0x0000000709300000| Untracked 
| 134|0x0000000709400000, 0x0000000709400000, 0x0000000709500000|  0%| F|  |TAMS 0x0000000709400000, 0x0000000709400000| Untracked 
| 135|0x0000000709500000, 0x0000000709500000, 0x0000000709600000|  0%| F|  |TAMS 0x0000000709500000, 0x0000000709500000| Untracked 
| 136|0x0000000709600000, 0x0000000709600000, 0x0000000709700000|  0%| F|  |TAMS 0x0000000709600000, 0x0000000709600000| Untracked 
| 137|0x0000000709700000, 0x0000000709700000, 0x0000000709800000|  0%| F|  |TAMS 0x0000000709700000, 0x0000000709700000| Untracked 
| 138|0x0000000709800000, 0x0000000709800000, 0x0000000709900000|  0%| F|  |TAMS 0x0000000709800000, 0x0000000709800000| Untracked 
| 139|0x0000000709900000, 0x0000000709900000, 0x0000000709a00000|  0%| F|  |TAMS 0x0000000709900000, 0x0000000709900000| Untracked 
| 140|0x0000000709a00000, 0x0000000709a00000, 0x0000000709b00000|  0%| F|  |TAMS 0x0000000709a00000, 0x0000000709a00000| Untracked 
| 141|0x0000000709b00000, 0x0000000709b00000, 0x0000000709c00000|  0%| F|  |TAMS 0x0000000709b00000, 0x0000000709b00000| Untracked 
| 142|0x0000000709c00000, 0x0000000709c00000, 0x0000000709d00000|  0%| F|  |TAMS 0x0000000709c00000, 0x0000000709c00000| Untracked 
| 143|0x0000000709d00000, 0x0000000709d00000, 0x0000000709e00000|  0%| F|  |TAMS 0x0000000709d00000, 0x0000000709d00000| Untracked 
| 144|0x0000000709e00000, 0x0000000709e00000, 0x0000000709f00000|  0%| F|  |TAMS 0x0000000709e00000, 0x0000000709e00000| Untracked 
| 145|0x0000000709f00000, 0x0000000709f00000, 0x000000070a000000|  0%| F|  |TAMS 0x0000000709f00000, 0x0000000709f00000| Untracked 
| 146|0x000000070a000000, 0x000000070a000000, 0x000000070a100000|  0%| F|  |TAMS 0x000000070a000000, 0x000000070a000000| Untracked 
| 147|0x000000070a100000, 0x000000070a100000, 0x000000070a200000|  0%| F|  |TAMS 0x000000070a100000, 0x000000070a100000| Untracked 
| 148|0x000000070a200000, 0x000000070a200000, 0x000000070a300000|  0%| F|  |TAMS 0x000000070a200000, 0x000000070a200000| Untracked 
| 149|0x000000070a300000, 0x000000070a300000, 0x000000070a400000|  0%| F|  |TAMS 0x000000070a300000, 0x000000070a300000| Untracked 
| 150|0x000000070a400000, 0x000000070a400000, 0x000000070a500000|  0%| F|  |TAMS 0x000000070a400000, 0x000000070a400000| Untracked 
| 151|0x000000070a500000, 0x000000070a500000, 0x000000070a600000|  0%| F|  |TAMS 0x000000070a500000, 0x000000070a500000| Untracked 
| 152|0x000000070a600000, 0x000000070a600000, 0x000000070a700000|  0%| F|  |TAMS 0x000000070a600000, 0x000000070a600000| Untracked 
| 153|0x000000070a700000, 0x000000070a700000, 0x000000070a800000|  0%| F|  |TAMS 0x000000070a700000, 0x000000070a700000| Untracked 
| 154|0x000000070a800000, 0x000000070a800000, 0x000000070a900000|  0%| F|  |TAMS 0x000000070a800000, 0x000000070a800000| Untracked 
| 155|0x000000070a900000, 0x000000070a900000, 0x000000070aa00000|  0%| F|  |TAMS 0x000000070a900000, 0x000000070a900000| Untracked 
| 156|0x000000070aa00000, 0x000000070aa00000, 0x000000070ab00000|  0%| F|  |TAMS 0x000000070aa00000, 0x000000070aa00000| Untracked 
| 157|0x000000070ab00000, 0x000000070ab00000, 0x000000070ac00000|  0%| F|  |TAMS 0x000000070ab00000, 0x000000070ab00000| Untracked 
| 158|0x000000070ac00000, 0x000000070ac00000, 0x000000070ad00000|  0%| F|  |TAMS 0x000000070ac00000, 0x000000070ac00000| Untracked 
| 159|0x000000070ad00000, 0x000000070ad00000, 0x000000070ae00000|  0%| F|  |TAMS 0x000000070ad00000, 0x000000070ad00000| Untracked 
| 160|0x000000070ae00000, 0x000000070ae00000, 0x000000070af00000|  0%| F|  |TAMS 0x000000070ae00000, 0x000000070ae00000| Untracked 
| 161|0x000000070af00000, 0x000000070af00000, 0x000000070b000000|  0%| F|  |TAMS 0x000000070af00000, 0x000000070af00000| Untracked 
| 162|0x000000070b000000, 0x000000070b000000, 0x000000070b100000|  0%| F|  |TAMS 0x000000070b000000, 0x000000070b000000| Untracked 
| 163|0x000000070b100000, 0x000000070b100000, 0x000000070b200000|  0%| F|  |TAMS 0x000000070b100000, 0x000000070b100000| Untracked 
| 164|0x000000070b200000, 0x000000070b200000, 0x000000070b300000|  0%| F|  |TAMS 0x000000070b200000, 0x000000070b200000| Untracked 
| 165|0x000000070b300000, 0x000000070b300000, 0x000000070b400000|  0%| F|  |TAMS 0x000000070b300000, 0x000000070b300000| Untracked 
| 166|0x000000070b400000, 0x000000070b400000, 0x000000070b500000|  0%| F|  |TAMS 0x000000070b400000, 0x000000070b400000| Untracked 
| 167|0x000000070b500000, 0x000000070b500000, 0x000000070b600000|  0%| F|  |TAMS 0x000000070b500000, 0x000000070b500000| Untracked 
| 168|0x000000070b600000, 0x000000070b600000, 0x000000070b700000|  0%| F|  |TAMS 0x000000070b600000, 0x000000070b600000| Untracked 
| 169|0x000000070b700000, 0x000000070b700000, 0x000000070b800000|  0%| F|  |TAMS 0x000000070b700000, 0x000000070b700000| Untracked 
| 170|0x000000070b800000, 0x000000070b800000, 0x000000070b900000|  0%| F|  |TAMS 0x000000070b800000, 0x000000070b800000| Untracked 
| 171|0x000000070b900000, 0x000000070b900000, 0x000000070ba00000|  0%| F|  |TAMS 0x000000070b900000, 0x000000070b900000| Untracked 
| 172|0x000000070ba00000, 0x000000070ba00000, 0x000000070bb00000|  0%| F|  |TAMS 0x000000070ba00000, 0x000000070ba00000| Untracked 
| 173|0x000000070bb00000, 0x000000070bb00000, 0x000000070bc00000|  0%| F|  |TAMS 0x000000070bb00000, 0x000000070bb00000| Untracked 
| 174|0x000000070bc00000, 0x000000070bc00000, 0x000000070bd00000|  0%| F|  |TAMS 0x000000070bc00000, 0x000000070bc00000| Untracked 
| 175|0x000000070bd00000, 0x000000070bd00000, 0x000000070be00000|  0%| F|  |TAMS 0x000000070bd00000, 0x000000070bd00000| Untracked 
| 176|0x000000070be00000, 0x000000070be00000, 0x000000070bf00000|  0%| F|  |TAMS 0x000000070be00000, 0x000000070be00000| Untracked 
| 177|0x000000070bf00000, 0x000000070bf00000, 0x000000070c000000|  0%| F|  |TAMS 0x000000070bf00000, 0x000000070bf00000| Untracked 
| 178|0x000000070c000000, 0x000000070c000000, 0x000000070c100000|  0%| F|  |TAMS 0x000000070c000000, 0x000000070c000000| Untracked 
| 179|0x000000070c100000, 0x000000070c100000, 0x000000070c200000|  0%| F|  |TAMS 0x000000070c100000, 0x000000070c100000| Untracked 
| 180|0x000000070c200000, 0x000000070c200000, 0x000000070c300000|  0%| F|  |TAMS 0x000000070c200000, 0x000000070c200000| Untracked 
| 181|0x000000070c300000, 0x000000070c300000, 0x000000070c400000|  0%| F|  |TAMS 0x000000070c300000, 0x000000070c300000| Untracked 
| 182|0x000000070c400000, 0x000000070c400000, 0x000000070c500000|  0%| F|  |TAMS 0x000000070c400000, 0x000000070c400000| Untracked 
| 183|0x000000070c500000, 0x000000070c500000, 0x000000070c600000|  0%| F|  |TAMS 0x000000070c500000, 0x000000070c500000| Untracked 
| 184|0x000000070c600000, 0x000000070c600000, 0x000000070c700000|  0%| F|  |TAMS 0x000000070c600000, 0x000000070c600000| Untracked 
| 185|0x000000070c700000, 0x000000070c700000, 0x000000070c800000|  0%| F|  |TAMS 0x000000070c700000, 0x000000070c700000| Untracked 
| 186|0x000000070c800000, 0x000000070c800000, 0x000000070c900000|  0%| F|  |TAMS 0x000000070c800000, 0x000000070c800000| Untracked 
| 187|0x000000070c900000, 0x000000070c900000, 0x000000070ca00000|  0%| F|  |TAMS 0x000000070c900000, 0x000000070c900000| Untracked 
| 188|0x000000070ca00000, 0x000000070ca00000, 0x000000070cb00000|  0%| F|  |TAMS 0x000000070ca00000, 0x000000070ca00000| Untracked 
| 189|0x000000070cb00000, 0x000000070cb00000, 0x000000070cc00000|  0%| F|  |TAMS 0x000000070cb00000, 0x000000070cb00000| Untracked 
| 190|0x000000070cc00000, 0x000000070cc00000, 0x000000070cd00000|  0%| F|  |TAMS 0x000000070cc00000, 0x000000070cc00000| Untracked 
| 191|0x000000070cd00000, 0x000000070cd00000, 0x000000070ce00000|  0%| F|  |TAMS 0x000000070cd00000, 0x000000070cd00000| Untracked 
| 192|0x000000070ce00000, 0x000000070ce00000, 0x000000070cf00000|  0%| F|  |TAMS 0x000000070ce00000, 0x000000070ce00000| Untracked 
| 193|0x000000070cf00000, 0x000000070cf00000, 0x000000070d000000|  0%| F|  |TAMS 0x000000070cf00000, 0x000000070cf00000| Untracked 
| 194|0x000000070d000000, 0x000000070d000000, 0x000000070d100000|  0%| F|  |TAMS 0x000000070d000000, 0x000000070d000000| Untracked 
| 195|0x000000070d100000, 0x000000070d100000, 0x000000070d200000|  0%| F|  |TAMS 0x000000070d100000, 0x000000070d100000| Untracked 
| 196|0x000000070d200000, 0x000000070d200000, 0x000000070d300000|  0%| F|  |TAMS 0x000000070d200000, 0x000000070d200000| Untracked 
| 197|0x000000070d300000, 0x000000070d300000, 0x000000070d400000|  0%| F|  |TAMS 0x000000070d300000, 0x000000070d300000| Untracked 
| 198|0x000000070d400000, 0x000000070d400000, 0x000000070d500000|  0%| F|  |TAMS 0x000000070d400000, 0x000000070d400000| Untracked 
| 199|0x000000070d500000, 0x000000070d500000, 0x000000070d600000|  0%| F|  |TAMS 0x000000070d500000, 0x000000070d500000| Untracked 
| 200|0x000000070d600000, 0x000000070d600000, 0x000000070d700000|  0%| F|  |TAMS 0x000000070d600000, 0x000000070d600000| Untracked 
| 201|0x000000070d700000, 0x000000070d700000, 0x000000070d800000|  0%| F|  |TAMS 0x000000070d700000, 0x000000070d700000| Untracked 
| 202|0x000000070d800000, 0x000000070d800000, 0x000000070d900000|  0%| F|  |TAMS 0x000000070d800000, 0x000000070d800000| Untracked 
| 203|0x000000070d900000, 0x000000070d900000, 0x000000070da00000|  0%| F|  |TAMS 0x000000070d900000, 0x000000070d900000| Untracked 
| 204|0x000000070da00000, 0x000000070da00000, 0x000000070db00000|  0%| F|  |TAMS 0x000000070da00000, 0x000000070da00000| Untracked 
| 205|0x000000070db00000, 0x000000070db00000, 0x000000070dc00000|  0%| F|  |TAMS 0x000000070db00000, 0x000000070db00000| Untracked 
| 206|0x000000070dc00000, 0x000000070dc00000, 0x000000070dd00000|  0%| F|  |TAMS 0x000000070dc00000, 0x000000070dc00000| Untracked 
| 207|0x000000070dd00000, 0x000000070dd00000, 0x000000070de00000|  0%| F|  |TAMS 0x000000070dd00000, 0x000000070dd00000| Untracked 
| 208|0x000000070de00000, 0x000000070de00000, 0x000000070df00000|  0%| F|  |TAMS 0x000000070de00000, 0x000000070de00000| Untracked 
| 209|0x000000070df00000, 0x000000070df00000, 0x000000070e000000|  0%| F|  |TAMS 0x000000070df00000, 0x000000070df00000| Untracked 
| 210|0x000000070e000000, 0x000000070e000000, 0x000000070e100000|  0%| F|  |TAMS 0x000000070e000000, 0x000000070e000000| Untracked 
| 211|0x000000070e100000, 0x000000070e100000, 0x000000070e200000|  0%| F|  |TAMS 0x000000070e100000, 0x000000070e100000| Untracked 
| 212|0x000000070e200000, 0x000000070e200000, 0x000000070e300000|  0%| F|  |TAMS 0x000000070e200000, 0x000000070e200000| Untracked 
| 213|0x000000070e300000, 0x000000070e300000, 0x000000070e400000|  0%| F|  |TAMS 0x000000070e300000, 0x000000070e300000| Untracked 
| 214|0x000000070e400000, 0x000000070e400000, 0x000000070e500000|  0%| F|  |TAMS 0x000000070e400000, 0x000000070e400000| Untracked 
| 215|0x000000070e500000, 0x000000070e500000, 0x000000070e600000|  0%| F|  |TAMS 0x000000070e500000, 0x000000070e500000| Untracked 
| 216|0x000000070e600000, 0x000000070e600000, 0x000000070e700000|  0%| F|  |TAMS 0x000000070e600000, 0x000000070e600000| Untracked 
| 217|0x000000070e700000, 0x000000070e700000, 0x000000070e800000|  0%| F|  |TAMS 0x000000070e700000, 0x000000070e700000| Untracked 
| 218|0x000000070e800000, 0x000000070e800000, 0x000000070e900000|  0%| F|  |TAMS 0x000000070e800000, 0x000000070e800000| Untracked 
| 219|0x000000070e900000, 0x000000070e900000, 0x000000070ea00000|  0%| F|  |TAMS 0x000000070e900000, 0x000000070e900000| Untracked 
| 220|0x000000070ea00000, 0x000000070ea00000, 0x000000070eb00000|  0%| F|  |TAMS 0x000000070ea00000, 0x000000070ea00000| Untracked 
| 221|0x000000070eb00000, 0x000000070eb00000, 0x000000070ec00000|  0%| F|  |TAMS 0x000000070eb00000, 0x000000070eb00000| Untracked 
| 222|0x000000070ec00000, 0x000000070ec00000, 0x000000070ed00000|  0%| F|  |TAMS 0x000000070ec00000, 0x000000070ec00000| Untracked 
| 223|0x000000070ed00000, 0x000000070ed00000, 0x000000070ee00000|  0%| F|  |TAMS 0x000000070ed00000, 0x000000070ed00000| Untracked 
| 224|0x000000070ee00000, 0x000000070ee00000, 0x000000070ef00000|  0%| F|  |TAMS 0x000000070ee00000, 0x000000070ee00000| Untracked 
| 225|0x000000070ef00000, 0x000000070ef00000, 0x000000070f000000|  0%| F|  |TAMS 0x000000070ef00000, 0x000000070ef00000| Untracked 
| 226|0x000000070f000000, 0x000000070f000000, 0x000000070f100000|  0%| F|  |TAMS 0x000000070f000000, 0x000000070f000000| Untracked 
| 227|0x000000070f100000, 0x000000070f100000, 0x000000070f200000|  0%| F|  |TAMS 0x000000070f100000, 0x000000070f100000| Untracked 
| 228|0x000000070f200000, 0x000000070f200000, 0x000000070f300000|  0%| F|  |TAMS 0x000000070f200000, 0x000000070f200000| Untracked 
| 229|0x000000070f300000, 0x000000070f300000, 0x000000070f400000|  0%| F|  |TAMS 0x000000070f300000, 0x000000070f300000| Untracked 
| 230|0x000000070f400000, 0x000000070f400000, 0x000000070f500000|  0%| F|  |TAMS 0x000000070f400000, 0x000000070f400000| Untracked 
| 231|0x000000070f500000, 0x000000070f500000, 0x000000070f600000|  0%| F|  |TAMS 0x000000070f500000, 0x000000070f500000| Untracked 
| 232|0x000000070f600000, 0x000000070f600000, 0x000000070f700000|  0%| F|  |TAMS 0x000000070f600000, 0x000000070f600000| Untracked 
| 233|0x000000070f700000, 0x000000070f700000, 0x000000070f800000|  0%| F|  |TAMS 0x000000070f700000, 0x000000070f700000| Untracked 
| 234|0x000000070f800000, 0x000000070f800000, 0x000000070f900000|  0%| F|  |TAMS 0x000000070f800000, 0x000000070f800000| Untracked 
| 235|0x000000070f900000, 0x000000070f900000, 0x000000070fa00000|  0%| F|  |TAMS 0x000000070f900000, 0x000000070f900000| Untracked 
| 236|0x000000070fa00000, 0x000000070fa00000, 0x000000070fb00000|  0%| F|  |TAMS 0x000000070fa00000, 0x000000070fa00000| Untracked 
| 237|0x000000070fb00000, 0x000000070fb00000, 0x000000070fc00000|  0%| F|  |TAMS 0x000000070fb00000, 0x000000070fb00000| Untracked 
| 238|0x000000070fc00000, 0x000000070fc00000, 0x000000070fd00000|  0%| F|  |TAMS 0x000000070fc00000, 0x000000070fc00000| Untracked 
| 239|0x000000070fd00000, 0x000000070fd00000, 0x000000070fe00000|  0%| F|  |TAMS 0x000000070fd00000, 0x000000070fd00000| Untracked 
| 240|0x000000070fe00000, 0x000000070fe00000, 0x000000070ff00000|  0%| F|  |TAMS 0x000000070fe00000, 0x000000070fe00000| Untracked 
| 241|0x000000070ff00000, 0x000000070ff00000, 0x0000000710000000|  0%| F|  |TAMS 0x000000070ff00000, 0x000000070ff00000| Untracked 
| 242|0x0000000710000000, 0x0000000710000000, 0x0000000710100000|  0%| F|  |TAMS 0x0000000710000000, 0x0000000710000000| Untracked 
| 243|0x0000000710100000, 0x00000007101f29c0, 0x0000000710200000| 94%| S|CS|TAMS 0x0000000710100000, 0x0000000710100000| Complete 
| 244|0x0000000710200000, 0x0000000710300000, 0x0000000710300000|100%| S|CS|TAMS 0x0000000710200000, 0x0000000710200000| Complete 
| 245|0x0000000710300000, 0x0000000710300000, 0x0000000710400000|  0%| F|  |TAMS 0x0000000710300000, 0x0000000710300000| Untracked 
| 246|0x0000000710400000, 0x0000000710400000, 0x0000000710500000|  0%| F|  |TAMS 0x0000000710400000, 0x0000000710400000| Untracked 
| 247|0x0000000710500000, 0x0000000710500000, 0x0000000710600000|  0%| F|  |TAMS 0x0000000710500000, 0x0000000710500000| Untracked 
| 248|0x0000000710600000, 0x0000000710600000, 0x0000000710700000|  0%| F|  |TAMS 0x0000000710600000, 0x0000000710600000| Untracked 
| 249|0x0000000710700000, 0x0000000710700000, 0x0000000710800000|  0%| F|  |TAMS 0x0000000710700000, 0x0000000710700000| Untracked 
| 250|0x0000000710800000, 0x0000000710800000, 0x0000000710900000|  0%| F|  |TAMS 0x0000000710800000, 0x0000000710800000| Untracked 
| 251|0x0000000710900000, 0x0000000710900000, 0x0000000710a00000|  0%| F|  |TAMS 0x0000000710900000, 0x0000000710900000| Untracked 
| 252|0x0000000710a00000, 0x0000000710a00000, 0x0000000710b00000|  0%| F|  |TAMS 0x0000000710a00000, 0x0000000710a00000| Untracked 
| 253|0x0000000710b00000, 0x0000000710b00000, 0x0000000710c00000|  0%| F|  |TAMS 0x0000000710b00000, 0x0000000710b00000| Untracked 
| 254|0x0000000710c00000, 0x0000000710c00000, 0x0000000710d00000|  0%| F|  |TAMS 0x0000000710c00000, 0x0000000710c00000| Untracked 
| 255|0x0000000710d00000, 0x0000000710d00000, 0x0000000710e00000|  0%| F|  |TAMS 0x0000000710d00000, 0x0000000710d00000| Untracked 

Card table byte_map: [0x000001cef9150000,0x000001cef9950000] _byte_map_base: 0x000001cef5949000

Marking Bits (Prev, Next): (CMBitMap*) 0x000001cee3b25228, (CMBitMap*) 0x000001cee3b25260
 Prev Bits: [0x000001cefa150000, 0x000001cefe118000)
 Next Bits: [0x000001ce80000000, 0x000001ce83fc8000)

Polling page: 0x000001cee3ba0000

Metaspace:

Usage:
  Non-class:      6.95 MB capacity,     6.82 MB ( 98%) used,   125.69 KB (  2%) free+waste,     5.88 KB ( <1%) overhead. 
      Class:    745.00 KB capacity,   688.84 KB ( 92%) used,    53.54 KB (  7%) free+waste,     2.63 KB ( <1%) overhead. 
       Both:      7.68 MB capacity,     7.49 MB ( 98%) used,   179.23 KB (  2%) free+waste,     8.50 KB ( <1%) overhead. 

Virtual space:
  Non-class space:       20.00 MB reserved,       7.00 MB ( 35%) committed 
      Class space:        1.00 GB reserved,     768.00 KB ( <1%) committed 
             Both:        1.02 GB reserved,       7.75 MB ( <1%) committed 

Chunk freelists:
   Non-Class:  51.00 KB
       Class:  23.00 KB
        Both:  74.00 KB

MaxMetaspaceSize: 17179869184.00 GB
CompressedClassSpaceSize: 1.00 GB

CodeHeap 'non-profiled nmethods': size=120000Kb used=128Kb max_used=128Kb free=119871Kb
 bounds [0x000001cef09c0000, 0x000001cef0c30000, 0x000001cef7ef0000]
CodeHeap 'profiled nmethods': size=120000Kb used=598Kb max_used=598Kb free=119401Kb
 bounds [0x000001cee9490000, 0x000001cee9700000, 0x000001cef09c0000]
CodeHeap 'non-nmethods': size=5760Kb used=1072Kb max_used=1083Kb free=4687Kb
 bounds [0x000001cee8ef0000, 0x000001cee9160000, 0x000001cee9490000]
 total_blobs=779 nmethods=413 adapters=278
 compilation: enabled
              stopped_count=0, restarted_count=0
 full_count=0

Compilation events (20 events):
Event: 0.210 Thread 0x000001ceff5a7800  405       3       jdk.internal.org.objectweb.asm.ClassWriter::newStringishItem (68 bytes)
Event: 0.210 Thread 0x000001ceff5a7800 nmethod 405 0x000001cee9522e90 code [0x000001cee95230a0, 0x000001cee9523438]
Event: 0.210 Thread 0x000001ceff5a7800  403       3       java.lang.invoke.MethodTypeForm::parameterSlotCount (9 bytes)
Event: 0.210 Thread 0x000001ceff5a7800 nmethod 403 0x000001cee9523610 code [0x000001cee95237c0, 0x000001cee9523938]
Event: 0.212 Thread 0x000001ceff5a7800  406       3       java.lang.String::charAt (25 bytes)
Event: 0.212 Thread 0x000001ceff5a7800 nmethod 406 0x000001cee9523a10 code [0x000001cee9523c20, 0x000001cee9524138]
Event: 0.213 Thread 0x000001ceff5a7800  407       3       java.util.zip.ZipFile$Source::getEntryHash (7 bytes)
Event: 0.213 Thread 0x000001ceff5a7800 nmethod 407 0x000001cee9524390 code [0x000001cee9524540, 0x000001cee9524678]
Event: 0.214 Thread 0x000001ceff5a7800  408       3       java.lang.ref.WeakReference::<init> (7 bytes)
Event: 0.214 Thread 0x000001ceff5a7800 nmethod 408 0x000001cee9524790 code [0x000001cee9524960, 0x000001cee9524c38]
Event: 0.214 Thread 0x000001ceff5a7800  409       3       java.util.zip.ZipFile$Source::getEntryNext (9 bytes)
Event: 0.214 Thread 0x000001ceff5a7800 nmethod 409 0x000001cee9524d10 code [0x000001cee9524ec0, 0x000001cee9524ff8]
Event: 0.215 Thread 0x000001ceff5a7800  410       1       java.net.URL::getProtocol (5 bytes)
Event: 0.215 Thread 0x000001ceff5a7800 nmethod 410 0x000001cef09dfd90 code [0x000001cef09dff40, 0x000001cef09dfff8]
Event: 0.218 Thread 0x000001ceff5a7800  412       3       java.nio.Buffer::position (52 bytes)
Event: 0.218 Thread 0x000001ceff5a7800 nmethod 412 0x000001cee9525110 code [0x000001cee95252e0, 0x000001cee9525548]
Event: 0.218 Thread 0x000001ceff5a7800  413       3       java.nio.Buffer::limit (65 bytes)
Event: 0.218 Thread 0x000001ceff5a7800 nmethod 413 0x000001cee9525610 code [0x000001cee95257e0, 0x000001cee9525a88]
Event: 0.218 Thread 0x000001ceff5a7800  411       1       java.nio.Buffer::position (5 bytes)
Event: 0.218 Thread 0x000001ceff5a7800 nmethod 411 0x000001cef09e0090 code [0x000001cef09e0240, 0x000001cef09e02f8]

GC Heap History (2 events):
Event: 0.220 GC heap before
{Heap before GC invocations=0 (full 0):
 garbage-first heap   total 262144K, used 14336K [0x0000000700e00000, 0x0000000800000000)
  region size 1024K, 11 young (11264K), 0 survivors (0K)
 Metaspace       used 7674K, capacity 7862K, committed 7936K, reserved 1067008K
  class space    used 688K, capacity 745K, committed 768K, reserved 1048576K
}
Event: 0.224 GC heap after
{Heap after GC invocations=1 (full 0):
 garbage-first heap   total 262144K, used 6090K [0x0000000700e00000, 0x0000000800000000)
  region size 1024K, 2 young (2048K), 2 survivors (2048K)
 Metaspace       used 7674K, capacity 7862K, committed 7936K, reserved 1067008K
  class space    used 688K, capacity 745K, committed 768K, reserved 1048576K
}

Deoptimization events (20 events):
Event: 0.152 Thread 0x000001cee3ab9800 DEOPT PACKING pc=0x000001cee94bd5e0 sp=0x00000048257fd430
Event: 0.152 Thread 0x000001cee3ab9800 DEOPT UNPACKING pc=0x000001cee8f1705e sp=0x00000048257fc900 mode 0
Event: 0.152 Thread 0x000001cee3ab9800 DEOPT PACKING pc=0x000001cee94bd5e0 sp=0x00000048257fd430
Event: 0.152 Thread 0x000001cee3ab9800 DEOPT UNPACKING pc=0x000001cee8f1705e sp=0x00000048257fc900 mode 0
Event: 0.153 Thread 0x000001cee3ab9800 DEOPT PACKING pc=0x000001cee94bd5e0 sp=0x00000048257fd430
Event: 0.153 Thread 0x000001cee3ab9800 DEOPT UNPACKING pc=0x000001cee8f1705e sp=0x00000048257fc900 mode 0
Event: 0.153 Thread 0x000001cee3ab9800 DEOPT PACKING pc=0x000001cee94bd5e0 sp=0x00000048257fd430
Event: 0.153 Thread 0x000001cee3ab9800 DEOPT UNPACKING pc=0x000001cee8f1705e sp=0x00000048257fc900 mode 0
Event: 0.154 Thread 0x000001cee3ab9800 DEOPT PACKING pc=0x000001cee94bd5e0 sp=0x00000048257fd430
Event: 0.154 Thread 0x000001cee3ab9800 DEOPT UNPACKING pc=0x000001cee8f1705e sp=0x00000048257fc900 mode 0
Event: 0.154 Thread 0x000001cee3ab9800 DEOPT PACKING pc=0x000001cee94bd5e0 sp=0x00000048257fd430
Event: 0.154 Thread 0x000001cee3ab9800 DEOPT UNPACKING pc=0x000001cee8f1705e sp=0x00000048257fc900 mode 0
Event: 0.155 Thread 0x000001cee3ab9800 Uncommon trap: trap_request=0xffffff4d fr.pc=0x000001cef09d4c8c relative=0x000000000000016c
Event: 0.155 Thread 0x000001cee3ab9800 Uncommon trap: reason=unstable_if action=reinterpret pc=0x000001cef09d4c8c method=java.lang.ThreadLocal$ThreadLocalMap.getEntry(Ljava/lang/ThreadLocal;)Ljava/lang/ThreadLocal$ThreadLocalMap$Entry; @ 21 c2
Event: 0.155 Thread 0x000001cee3ab9800 DEOPT PACKING pc=0x000001cef09d4c8c sp=0x00000048257ff330
Event: 0.155 Thread 0x000001cee3ab9800 DEOPT UNPACKING pc=0x000001cee8f168af sp=0x00000048257ff278 mode 2
Event: 0.210 Thread 0x000001cee3ab9800 Uncommon trap: trap_request=0xffffff4d fr.pc=0x000001cef09ce414 relative=0x0000000000000074
Event: 0.210 Thread 0x000001cee3ab9800 Uncommon trap: reason=unstable_if action=reinterpret pc=0x000001cef09ce414 method=java.lang.String.isLatin1()Z @ 10 c2
Event: 0.210 Thread 0x000001cee3ab9800 DEOPT PACKING pc=0x000001cef09ce414 sp=0x00000048257fe640
Event: 0.210 Thread 0x000001cee3ab9800 DEOPT UNPACKING pc=0x000001cee8f168af sp=0x00000048257fe580 mode 2

Classes redefined (0 events):
No events

Internal exceptions (1 events):
Event: 0.155 Thread 0x000001cee3ab9800 Implicit null exception at 0x000001cef09d4b7c to 0x000001cef09d4c6c

Events (20 events):
Event: 0.218 loading class java/net/InetAddress
Event: 0.219 loading class java/net/InetAddress done
Event: 0.219 loading class java/net/InetAddress$1
Event: 0.219 loading class java/net/InetAddress$1 done
Event: 0.219 loading class java/net/InetAddress$2
Event: 0.219 loading class jdk/internal/misc/JavaNetInetAddressAccess
Event: 0.219 loading class jdk/internal/misc/JavaNetInetAddressAccess done
Event: 0.219 loading class java/net/InetAddress$2 done
Event: 0.219 loading class java/net/InetAddress$InetAddressHolder
Event: 0.219 loading class java/net/InetAddress$InetAddressHolder done
Event: 0.219 loading class java/util/concurrent/ConcurrentSkipListSet
Event: 0.219 loading class java/util/NavigableSet
Event: 0.219 loading class java/util/SortedSet
Event: 0.219 loading class java/util/SortedSet done
Event: 0.219 loading class java/util/NavigableSet done
Event: 0.219 loading class java/util/concurrent/ConcurrentSkipListSet done
Event: 0.219 loading class java/util/concurrent/ConcurrentSkipListMap
Event: 0.219 loading class java/util/concurrent/ConcurrentNavigableMap
Event: 0.220 loading class java/util/concurrent/ConcurrentNavigableMap done
Event: 0.220 Executing VM operation: CollectForMetadataAllocation


Dynamic libraries:
0x00007ff7bbab0000 - 0x00007ff7bbaba000 	C:\Users\Fox\AppData\Local\JetBrains\Toolbox\apps\PhpStorm\ch-0\212.5080.71\jbr\bin\java.exe
0x00007ff943150000 - 0x00007ff943345000 	C:\WINDOWS\SYSTEM32\ntdll.dll
0x00007ff942d10000 - 0x00007ff942dcd000 	C:\WINDOWS\System32\KERNEL32.DLL
0x00007ff9409e0000 - 0x00007ff940ca9000 	C:\WINDOWS\System32\KERNELBASE.dll
0x00007ff940880000 - 0x00007ff940980000 	C:\WINDOWS\System32\ucrtbase.dll
0x00007ff93a1c0000 - 0x00007ff93a1d9000 	C:\Users\Fox\AppData\Local\JetBrains\Toolbox\apps\PhpStorm\ch-0\212.5080.71\jbr\bin\jli.dll
0x00007ff938720000 - 0x00007ff938737000 	C:\Users\Fox\AppData\Local\JetBrains\Toolbox\apps\PhpStorm\ch-0\212.5080.71\jbr\bin\VCRUNTIME140.dll
0x00007ff9418f0000 - 0x00007ff941a90000 	C:\WINDOWS\System32\USER32.dll
0x00007ff941180000 - 0x00007ff9411a2000 	C:\WINDOWS\System32\win32u.dll
0x00007ff9430e0000 - 0x00007ff94310a000 	C:\WINDOWS\System32\GDI32.dll
0x00007ff92b910000 - 0x00007ff92bbaa000 	C:\WINDOWS\WinSxS\amd64_microsoft.windows.common-controls_6595b64144ccf1df_6.0.19041.1110_none_60b5254171f9507e\COMCTL32.dll
0x00007ff940eb0000 - 0x00007ff940fbb000 	C:\WINDOWS\System32\gdi32full.dll
0x00007ff942e40000 - 0x00007ff942ede000 	C:\WINDOWS\System32\msvcrt.dll
0x00007ff940e10000 - 0x00007ff940ead000 	C:\WINDOWS\System32\msvcp_win.dll
0x00007ff941de0000 - 0x00007ff941e10000 	C:\WINDOWS\System32\IMM32.DLL
0x00007ff92e780000 - 0x00007ff92e81d000 	C:\Users\Fox\AppData\Local\JetBrains\Toolbox\apps\PhpStorm\ch-0\212.5080.71\jbr\bin\msvcp140.dll
0x00007ff8a3730000 - 0x00007ff8a427a000 	C:\Users\Fox\AppData\Local\JetBrains\Toolbox\apps\PhpStorm\ch-0\212.5080.71\jbr\bin\server\jvm.dll
0x00007ff943030000 - 0x00007ff9430dc000 	C:\WINDOWS\System32\ADVAPI32.dll
0x00007ff942150000 - 0x00007ff9421eb000 	C:\WINDOWS\System32\sechost.dll
0x00007ff941cb0000 - 0x00007ff941dda000 	C:\WINDOWS\System32\RPCRT4.dll
0x00007ff942ee0000 - 0x00007ff942ee8000 	C:\WINDOWS\System32\PSAPI.DLL
0x00007ff93b4a0000 - 0x00007ff93b4a9000 	C:\WINDOWS\SYSTEM32\WSOCK32.dll
0x00007ff93ac60000 - 0x00007ff93ac6a000 	C:\WINDOWS\SYSTEM32\VERSION.dll
0x00007ff9309c0000 - 0x00007ff9309e7000 	C:\WINDOWS\SYSTEM32\WINMM.dll
0x00007ff942dd0000 - 0x00007ff942e3b000 	C:\WINDOWS\System32\WS2_32.dll
0x00007ff93e6d0000 - 0x00007ff93e6e2000 	C:\WINDOWS\SYSTEM32\kernel.appcore.dll
0x00007ff937230000 - 0x00007ff937241000 	C:\Users\Fox\AppData\Local\JetBrains\Toolbox\apps\PhpStorm\ch-0\212.5080.71\jbr\bin\verify.dll
0x00007ff927840000 - 0x00007ff927a24000 	C:\WINDOWS\SYSTEM32\DBGHELP.DLL
0x00007ff9257b0000 - 0x00007ff9257dc000 	C:\WINDOWS\SYSTEM32\dbgcore.DLL
0x00007ff940ff0000 - 0x00007ff941073000 	C:\WINDOWS\System32\bcryptPrimitives.dll
0x00007ff936850000 - 0x00007ff936879000 	C:\Users\Fox\AppData\Local\JetBrains\Toolbox\apps\PhpStorm\ch-0\212.5080.71\jbr\bin\java.dll
0x00007ff937220000 - 0x00007ff93722b000 	C:\Users\Fox\AppData\Local\JetBrains\Toolbox\apps\PhpStorm\ch-0\212.5080.71\jbr\bin\jimage.dll
0x00007ff936830000 - 0x00007ff936848000 	C:\Users\Fox\AppData\Local\JetBrains\Toolbox\apps\PhpStorm\ch-0\212.5080.71\jbr\bin\zip.dll
0x00007ff9411b0000 - 0x00007ff9418ef000 	C:\WINDOWS\System32\SHELL32.dll
0x00007ff93e9b0000 - 0x00007ff93f140000 	C:\WINDOWS\SYSTEM32\windows.storage.dll
0x00007ff942800000 - 0x00007ff942b55000 	C:\WINDOWS\System32\combase.dll
0x00007ff9402e0000 - 0x00007ff94030c000 	C:\WINDOWS\SYSTEM32\Wldp.dll
0x00007ff941c00000 - 0x00007ff941cae000 	C:\WINDOWS\System32\SHCORE.dll
0x00007ff941af0000 - 0x00007ff941b45000 	C:\WINDOWS\System32\shlwapi.dll
0x00007ff9407c0000 - 0x00007ff9407df000 	C:\WINDOWS\SYSTEM32\profapi.dll
0x00007ff92ec20000 - 0x00007ff92ec3a000 	C:\Users\Fox\AppData\Local\JetBrains\Toolbox\apps\PhpStorm\ch-0\212.5080.71\jbr\bin\net.dll
0x00007ff937e70000 - 0x00007ff937f78000 	C:\WINDOWS\SYSTEM32\WINHTTP.dll
0x00007ff940040000 - 0x00007ff9400aa000 	C:\WINDOWS\system32\mswsock.dll
0x00007ff92e980000 - 0x00007ff92e994000 	C:\Users\Fox\AppData\Local\JetBrains\Toolbox\apps\PhpStorm\ch-0\212.5080.71\jbr\bin\nio.dll

dbghelp: loaded successfully - version: 4.0.5 - missing functions: none
symbol engine: initialized successfully - sym options: 0x614 - pdb path: .;C:\Users\Fox\AppData\Local\JetBrains\Toolbox\apps\PhpStorm\ch-0\212.5080.71\jbr\bin;C:\WINDOWS\SYSTEM32;C:\WINDOWS\WinSxS\amd64_microsoft.windows.common-controls_6595b64144ccf1df_6.0.19041.1110_none_60b5254171f9507e;C:\Users\Fox\AppData\Local\JetBrains\Toolbox\apps\PhpStorm\ch-0\212.5080.71\jbr\bin\server

VM Arguments:
java_command: git4idea.http.GitAskPassApp Password for 'https://sfdevelop@github.com': 
java_class_path (initial): C:/Users/Fox/AppData/Local/JetBrains/Toolbox/apps/PhpStorm/ch-0/212.5080.71/plugins/git4idea/lib/git4idea-rt.jar;C:/Users/Fox/AppData/Local/JetBrains/Toolbox/apps/PhpStorm/ch-0/212.5080.71/lib/3rd-party.jar
Launcher Type: SUN_STANDARD

[Global flags]
     intx CICompilerCount                          = 4                                         {product} {ergonomic}
     uint ConcGCThreads                            = 2                                         {product} {ergonomic}
     uint G1ConcRefinementThreads                  = 8                                         {product} {ergonomic}
   size_t G1HeapRegionSize                         = 1048576                                   {product} {ergonomic}
    uintx GCDrainStackTargetSize                   = 64                                        {product} {ergonomic}
   size_t InitialHeapSize                          = 268435456                                 {product} {ergonomic}
   size_t MarkStackSize                            = 4194304                                   {product} {ergonomic}
   size_t MaxHeapSize                              = 4280287232                                {product} {ergonomic}
   size_t MaxNewSize                               = 2567962624                                {product} {ergonomic}
   size_t MinHeapDeltaBytes                        = 1048576                                   {product} {ergonomic}
    uintx NonNMethodCodeHeapSize                   = 5836300                                {pd product} {ergonomic}
    uintx NonProfiledCodeHeapSize                  = 122910970                              {pd product} {ergonomic}
    uintx ProfiledCodeHeapSize                     = 122910970                              {pd product} {ergonomic}
    uintx ReservedCodeCacheSize                    = 251658240                              {pd product} {ergonomic}
     bool SegmentedCodeCache                       = true                                      {product} {ergonomic}
     bool UseCompressedClassPointers               = true                                 {lp64_product} {ergonomic}
     bool UseCompressedOops                        = true                                 {lp64_product} {ergonomic}
     bool UseG1GC                                  = true                                      {product} {ergonomic}
     bool UseLargePagesIndividualAllocation        = false                                  {pd product} {ergonomic}

Logging:
Log output configuration:
 #0: stdout all=warning uptime,level,tags
 #1: stderr all=off uptime,level,tags

Environment Variables:
PATH=C:\Program Files\Git\mingw64\libexec\git-core;C:\Program Files\Git\mingw64\libexec\git-core;C:\Program Files\Git\mingw64\bin;C:\Program Files\Git\usr\bin;C:\Users\Fox\bin;C:\Windows\system32;C:\Windows;C:\Windows\System32\Wbem;C:\Windows\System32\WindowsPowerShell\v1.0;C:\Windows\System32\OpenSSH;C:\Program Files (x86)\NVIDIA Corporation\PhysX\Common;C:\Program Files\NVIDIA Corporation\NVIDIA NvDLISR;C:\Program Files\Git\cmd;C:\WINDOWS\system32;C:\WINDOWS;C:\WINDOWS\System32\Wbem;C:\WINDOWS\System32\WindowsPowerShell\v1.0;C:\WINDOWS\System32\OpenSSH;C:\Program Files (x86)\Brackets\command;C:\Program Files\nodejs;C:\php;C:\ProgramData\ComposerSetup\bin;C:\Program Files\PuTTY;C:\Users\Fox\AppData\Local\Microsoft\WindowsApps;C:\Users\Fox\AppData\Local\GitHubDesktop\bin;C:\Users\Fox\AppData\Roaming\npm;C:\Users\Fox\AppData\Local\Programs\Microsoft VS Code\bin;C:\php7.4;C:\Users\Fox\AppData\Roaming\Composer\vendor\bin;C:\Users\Fox\AppData\Local\Microsoft\WindowsApps
USERNAME=Fox
DISPLAY=:0.0
LC_ALL=en_US.UTF-8
OS=Windows_NT
PROCESSOR_IDENTIFIER=Intel64 Family 6 Model 158 Stepping 9, GenuineIntel



---------------  S Y S T E M  ---------------

OS: Windows 10 , 64 bit Build 19041 (10.0.19041.1151)
OS uptime: 7 days 8:18 hours

CPU:total 8 (initial active 8) (4 cores per cpu, 2 threads per core) family 6 model 158 stepping 9 microcode 0xb4, cmov, cx8, fxsr, mmx, sse, sse2, sse3, ssse3, sse4.1, sse4.2, popcnt, avx, avx2, aes, clmul, erms, rtm, 3dnowpref, lzcnt, ht, tsc, tscinvbit, bmi1, bmi2, adx, fma

Memory: 4k page, system-wide physical 16324M (2696M free)
TotalPageFile size 24516M (AvailPageFile size 5M)
current process WorkingSet (physical memory assigned to process): 64M, peak: 64M
current process commit charge ("private bytes"): 344M, peak: 345M

vm_info: OpenJDK 64-Bit Server VM (11.0.11+9-b1504.16) for windows-amd64 JRE (11.0.11+9-b1504.16), built on Aug  9 2021 01:34:19 by "" with MS VC++ 14.0 (VS2015)

END.
